2023-09-17 17:49:28.316  INFO 78600 --- [main] searchengine.Application                 : Starting Application using Java 19.0.1 on MacBook-Pro.local with PID 78600 (/Users/user/IdeaProjects/diplom/searchengine/target/classes started by user in /Users/user/IdeaProjects/diplom/searchengine)
2023-09-17 17:49:28.350  INFO 78600 --- [main] searchengine.Application                 : No active profile set, falling back to 1 default profile: "default"
2023-09-17 17:49:29.935  INFO 78600 --- [main] .s.d.r.c.RepositoryConfigurationDelegate : Bootstrapping Spring Data JPA repositories in DEFAULT mode.
2023-09-17 17:49:30.074  INFO 78600 --- [main] .s.d.r.c.RepositoryConfigurationDelegate : Finished Spring Data repository scanning in 128 ms. Found 4 JPA repository interfaces.
2023-09-17 17:49:31.560  INFO 78600 --- [main] o.s.b.w.embedded.tomcat.TomcatWebServer  : Tomcat initialized with port(s): 8080 (http)
2023-09-17 17:49:31.573  INFO 78600 --- [main] o.apache.catalina.core.StandardService   : Starting service [Tomcat]
2023-09-17 17:49:31.574  INFO 78600 --- [main] org.apache.catalina.core.StandardEngine  : Starting Servlet engine: [Apache Tomcat/9.0.64]
2023-09-17 17:49:31.732  INFO 78600 --- [main] o.a.c.c.C.[Tomcat].[localhost].[/]       : Initializing Spring embedded WebApplicationContext
2023-09-17 17:49:31.735  INFO 78600 --- [main] w.s.c.ServletWebServerApplicationContext : Root WebApplicationContext: initialization completed in 3194 ms
2023-09-17 17:49:32.143  INFO 78600 --- [main] o.hibernate.jpa.internal.util.LogHelper  : HHH000204: Processing PersistenceUnitInfo [name: default]
2023-09-17 17:49:32.189  INFO 78600 --- [main] org.hibernate.Version                    : HHH000412: Hibernate ORM core version 5.6.9.Final
2023-09-17 17:49:32.367  INFO 78600 --- [main] o.hibernate.annotations.common.Version   : HCANN000001: Hibernate Commons Annotations {5.1.2.Final}
2023-09-17 17:49:32.461  INFO 78600 --- [main] com.zaxxer.hikari.HikariDataSource       : HikariPool-1 - Starting...
2023-09-17 17:49:32.766  INFO 78600 --- [main] com.zaxxer.hikari.HikariDataSource       : HikariPool-1 - Start completed.
2023-09-17 17:49:32.795  INFO 78600 --- [main] org.hibernate.dialect.Dialect            : HHH000400: Using dialect: org.hibernate.dialect.MySQL8Dialect
2023-09-17 17:49:33.843  INFO 78600 --- [main] o.h.e.t.j.p.i.JtaPlatformInitiator       : HHH000490: Using JtaPlatform implementation: [org.hibernate.engine.transaction.jta.platform.internal.NoJtaPlatform]
2023-09-17 17:49:33.852  INFO 78600 --- [main] j.LocalContainerEntityManagerFactoryBean : Initialized JPA EntityManagerFactory for persistence unit 'default'
2023-09-17 17:49:34.815  WARN 78600 --- [main] JpaBaseConfiguration$JpaWebConfiguration : spring.jpa.open-in-view is enabled by default. Therefore, database queries may be performed during view rendering. Explicitly configure spring.jpa.open-in-view to disable this warning
2023-09-17 17:49:35.078  INFO 78600 --- [main] o.s.b.a.w.s.WelcomePageHandlerMapping    : Adding welcome page template: index
2023-09-17 17:49:35.948  INFO 78600 --- [main] o.s.b.w.embedded.tomcat.TomcatWebServer  : Tomcat started on port(s): 8080 (http) with context path ''
2023-09-17 17:49:35.970  INFO 78600 --- [main] searchengine.Application                 : Started Application in 8.696 seconds (JVM running for 9.651)
2023-09-17 17:49:35.979  INFO 78600 --- [main] searchengine.Application                 : Application started successfully.
2023-09-17 17:50:16.987  INFO 78600 --- [http-nio-8080-exec-1] o.a.c.c.C.[Tomcat].[localhost].[/]       : Initializing Spring DispatcherServlet 'dispatcherServlet'
2023-09-17 17:50:16.988  INFO 78600 --- [http-nio-8080-exec-1] o.s.web.servlet.DispatcherServlet        : Initializing Servlet 'dispatcherServlet'
2023-09-17 17:50:16.995  INFO 78600 --- [http-nio-8080-exec-1] o.s.web.servlet.DispatcherServlet        : Completed initialization in 7 ms
2023-09-17 17:51:11.570  INFO 78600 --- [SpringApplicationShutdownHook] j.LocalContainerEntityManagerFactoryBean : Closing JPA EntityManagerFactory for persistence unit 'default'
2023-09-17 17:51:11.580  INFO 78600 --- [SpringApplicationShutdownHook] com.zaxxer.hikari.HikariDataSource       : HikariPool-1 - Shutdown initiated...
2023-09-17 17:51:11.604  INFO 78600 --- [SpringApplicationShutdownHook] com.zaxxer.hikari.HikariDataSource       : HikariPool-1 - Shutdown completed.
2023-09-17 17:56:50.915  INFO 78952 --- [main] searchengine.Application                 : Starting Application using Java 19.0.1 on MacBook-Pro.local with PID 78952 (/Users/user/IdeaProjects/diplom/searchengine/target/classes started by user in /Users/user/IdeaProjects/diplom/searchengine)
2023-09-17 17:56:50.918  INFO 78952 --- [main] searchengine.Application                 : No active profile set, falling back to 1 default profile: "default"
2023-09-17 17:56:52.451  INFO 78952 --- [main] .s.d.r.c.RepositoryConfigurationDelegate : Bootstrapping Spring Data JPA repositories in DEFAULT mode.
2023-09-17 17:56:52.581  INFO 78952 --- [main] .s.d.r.c.RepositoryConfigurationDelegate : Finished Spring Data repository scanning in 120 ms. Found 4 JPA repository interfaces.
2023-09-17 17:56:54.054  INFO 78952 --- [main] o.s.b.w.embedded.tomcat.TomcatWebServer  : Tomcat initialized with port(s): 8080 (http)
2023-09-17 17:56:54.067  INFO 78952 --- [main] o.apache.catalina.core.StandardService   : Starting service [Tomcat]
2023-09-17 17:56:54.067  INFO 78952 --- [main] org.apache.catalina.core.StandardEngine  : Starting Servlet engine: [Apache Tomcat/9.0.64]
2023-09-17 17:56:54.243  INFO 78952 --- [main] o.a.c.c.C.[Tomcat].[localhost].[/]       : Initializing Spring embedded WebApplicationContext
2023-09-17 17:56:54.244  INFO 78952 --- [main] w.s.c.ServletWebServerApplicationContext : Root WebApplicationContext: initialization completed in 3171 ms
2023-09-17 17:56:54.661  INFO 78952 --- [main] o.hibernate.jpa.internal.util.LogHelper  : HHH000204: Processing PersistenceUnitInfo [name: default]
2023-09-17 17:56:54.710  INFO 78952 --- [main] org.hibernate.Version                    : HHH000412: Hibernate ORM core version 5.6.9.Final
2023-09-17 17:56:54.903  INFO 78952 --- [main] o.hibernate.annotations.common.Version   : HCANN000001: Hibernate Commons Annotations {5.1.2.Final}
2023-09-17 17:56:55.003  INFO 78952 --- [main] com.zaxxer.hikari.HikariDataSource       : HikariPool-1 - Starting...
2023-09-17 17:56:55.290  INFO 78952 --- [main] com.zaxxer.hikari.HikariDataSource       : HikariPool-1 - Start completed.
2023-09-17 17:56:55.310  INFO 78952 --- [main] org.hibernate.dialect.Dialect            : HHH000400: Using dialect: org.hibernate.dialect.MySQL8Dialect
2023-09-17 17:56:56.338  INFO 78952 --- [main] o.h.e.t.j.p.i.JtaPlatformInitiator       : HHH000490: Using JtaPlatform implementation: [org.hibernate.engine.transaction.jta.platform.internal.NoJtaPlatform]
2023-09-17 17:56:56.346  INFO 78952 --- [main] j.LocalContainerEntityManagerFactoryBean : Initialized JPA EntityManagerFactory for persistence unit 'default'
2023-09-17 17:56:57.279  WARN 78952 --- [main] JpaBaseConfiguration$JpaWebConfiguration : spring.jpa.open-in-view is enabled by default. Therefore, database queries may be performed during view rendering. Explicitly configure spring.jpa.open-in-view to disable this warning
2023-09-17 17:56:57.645  INFO 78952 --- [main] o.s.b.a.w.s.WelcomePageHandlerMapping    : Adding welcome page template: index
2023-09-17 17:56:58.446  INFO 78952 --- [main] o.s.b.w.embedded.tomcat.TomcatWebServer  : Tomcat started on port(s): 8080 (http) with context path ''
2023-09-17 17:56:58.466  INFO 78952 --- [main] searchengine.Application                 : Started Application in 8.518 seconds (JVM running for 9.388)
2023-09-17 17:56:58.475  INFO 78952 --- [main] searchengine.Application                 : Application started successfully.
2023-09-17 17:57:07.174  INFO 78952 --- [http-nio-8080-exec-1] o.a.c.c.C.[Tomcat].[localhost].[/]       : Initializing Spring DispatcherServlet 'dispatcherServlet'
2023-09-17 17:57:07.175  INFO 78952 --- [http-nio-8080-exec-1] o.s.web.servlet.DispatcherServlet        : Initializing Servlet 'dispatcherServlet'
2023-09-17 17:57:07.192  INFO 78952 --- [http-nio-8080-exec-1] o.s.web.servlet.DispatcherServlet        : Completed initialization in 16 ms
2023-09-17 18:01:34.100  INFO 78952 --- [SpringApplicationShutdownHook] j.LocalContainerEntityManagerFactoryBean : Closing JPA EntityManagerFactory for persistence unit 'default'
2023-09-17 18:01:34.118  INFO 78952 --- [SpringApplicationShutdownHook] com.zaxxer.hikari.HikariDataSource       : HikariPool-1 - Shutdown initiated...
2023-09-17 18:01:34.155  INFO 78952 --- [SpringApplicationShutdownHook] com.zaxxer.hikari.HikariDataSource       : HikariPool-1 - Shutdown completed.
2023-09-17 18:01:42.719  INFO 79151 --- [main] searchengine.Application                 : Starting Application using Java 19.0.1 on MacBook-Pro.local with PID 79151 (/Users/user/IdeaProjects/diplom/searchengine/target/classes started by user in /Users/user/IdeaProjects/diplom/searchengine)
2023-09-17 18:01:42.722  INFO 79151 --- [main] searchengine.Application                 : No active profile set, falling back to 1 default profile: "default"
2023-09-17 18:01:44.295  INFO 79151 --- [main] .s.d.r.c.RepositoryConfigurationDelegate : Bootstrapping Spring Data JPA repositories in DEFAULT mode.
2023-09-17 18:01:44.431  INFO 79151 --- [main] .s.d.r.c.RepositoryConfigurationDelegate : Finished Spring Data repository scanning in 126 ms. Found 4 JPA repository interfaces.
2023-09-17 18:01:45.884  INFO 79151 --- [main] o.s.b.w.embedded.tomcat.TomcatWebServer  : Tomcat initialized with port(s): 8080 (http)
2023-09-17 18:01:45.897  INFO 79151 --- [main] o.apache.catalina.core.StandardService   : Starting service [Tomcat]
2023-09-17 18:01:45.898  INFO 79151 --- [main] org.apache.catalina.core.StandardEngine  : Starting Servlet engine: [Apache Tomcat/9.0.64]
2023-09-17 18:01:46.210  INFO 79151 --- [main] o.a.c.c.C.[Tomcat].[localhost].[/]       : Initializing Spring embedded WebApplicationContext
2023-09-17 18:01:46.211  INFO 79151 --- [main] w.s.c.ServletWebServerApplicationContext : Root WebApplicationContext: initialization completed in 3351 ms
2023-09-17 18:01:46.630  INFO 79151 --- [main] o.hibernate.jpa.internal.util.LogHelper  : HHH000204: Processing PersistenceUnitInfo [name: default]
2023-09-17 18:01:46.678  INFO 79151 --- [main] org.hibernate.Version                    : HHH000412: Hibernate ORM core version 5.6.9.Final
2023-09-17 18:01:46.948  INFO 79151 --- [main] o.hibernate.annotations.common.Version   : HCANN000001: Hibernate Commons Annotations {5.1.2.Final}
2023-09-17 18:01:47.050  INFO 79151 --- [main] com.zaxxer.hikari.HikariDataSource       : HikariPool-1 - Starting...
2023-09-17 18:01:47.381  INFO 79151 --- [main] com.zaxxer.hikari.HikariDataSource       : HikariPool-1 - Start completed.
2023-09-17 18:01:47.401  INFO 79151 --- [main] org.hibernate.dialect.Dialect            : HHH000400: Using dialect: org.hibernate.dialect.MySQL8Dialect
2023-09-17 18:01:48.467  INFO 79151 --- [main] o.h.e.t.j.p.i.JtaPlatformInitiator       : HHH000490: Using JtaPlatform implementation: [org.hibernate.engine.transaction.jta.platform.internal.NoJtaPlatform]
2023-09-17 18:01:48.478  INFO 79151 --- [main] j.LocalContainerEntityManagerFactoryBean : Initialized JPA EntityManagerFactory for persistence unit 'default'
2023-09-17 18:01:49.474  WARN 79151 --- [main] JpaBaseConfiguration$JpaWebConfiguration : spring.jpa.open-in-view is enabled by default. Therefore, database queries may be performed during view rendering. Explicitly configure spring.jpa.open-in-view to disable this warning
2023-09-17 18:01:49.797  INFO 79151 --- [main] o.s.b.a.w.s.WelcomePageHandlerMapping    : Adding welcome page template: index
2023-09-17 18:01:50.559  INFO 79151 --- [main] o.s.b.w.embedded.tomcat.TomcatWebServer  : Tomcat started on port(s): 8080 (http) with context path ''
2023-09-17 18:01:50.591  INFO 79151 --- [main] searchengine.Application                 : Started Application in 8.804 seconds (JVM running for 9.697)
2023-09-17 18:01:50.601  INFO 79151 --- [main] searchengine.Application                 : Application started successfully.
2023-09-17 18:01:56.119  INFO 79151 --- [http-nio-8080-exec-1] o.a.c.c.C.[Tomcat].[localhost].[/]       : Initializing Spring DispatcherServlet 'dispatcherServlet'
2023-09-17 18:01:56.120  INFO 79151 --- [http-nio-8080-exec-1] o.s.web.servlet.DispatcherServlet        : Initializing Servlet 'dispatcherServlet'
2023-09-17 18:01:56.125  INFO 79151 --- [http-nio-8080-exec-1] o.s.web.servlet.DispatcherServlet        : Completed initialization in 5 ms
2023-09-17 18:16:03.916  INFO 79151 --- [SpringApplicationShutdownHook] j.LocalContainerEntityManagerFactoryBean : Closing JPA EntityManagerFactory for persistence unit 'default'
2023-09-17 18:16:03.933  INFO 79151 --- [SpringApplicationShutdownHook] com.zaxxer.hikari.HikariDataSource       : HikariPool-1 - Shutdown initiated...
2023-09-17 18:16:03.962  INFO 79151 --- [SpringApplicationShutdownHook] com.zaxxer.hikari.HikariDataSource       : HikariPool-1 - Shutdown completed.
2023-09-17 18:16:10.928  INFO 79635 --- [main] searchengine.Application                 : Starting Application using Java 19.0.1 on MacBook-Pro.local with PID 79635 (/Users/user/IdeaProjects/diplom/searchengine/target/classes started by user in /Users/user/IdeaProjects/diplom/searchengine)
2023-09-17 18:16:10.930  INFO 79635 --- [main] searchengine.Application                 : No active profile set, falling back to 1 default profile: "default"
2023-09-17 18:16:12.619  INFO 79635 --- [main] .s.d.r.c.RepositoryConfigurationDelegate : Bootstrapping Spring Data JPA repositories in DEFAULT mode.
2023-09-17 18:16:12.745  INFO 79635 --- [main] .s.d.r.c.RepositoryConfigurationDelegate : Finished Spring Data repository scanning in 116 ms. Found 4 JPA repository interfaces.
2023-09-17 18:16:14.371  INFO 79635 --- [main] o.s.b.w.embedded.tomcat.TomcatWebServer  : Tomcat initialized with port(s): 8080 (http)
2023-09-17 18:16:14.384  INFO 79635 --- [main] o.apache.catalina.core.StandardService   : Starting service [Tomcat]
2023-09-17 18:16:14.384  INFO 79635 --- [main] org.apache.catalina.core.StandardEngine  : Starting Servlet engine: [Apache Tomcat/9.0.64]
2023-09-17 18:16:14.598  INFO 79635 --- [main] o.a.c.c.C.[Tomcat].[localhost].[/]       : Initializing Spring embedded WebApplicationContext
2023-09-17 18:16:14.599  INFO 79635 --- [main] w.s.c.ServletWebServerApplicationContext : Root WebApplicationContext: initialization completed in 3485 ms
2023-09-17 18:16:15.056  INFO 79635 --- [main] o.hibernate.jpa.internal.util.LogHelper  : HHH000204: Processing PersistenceUnitInfo [name: default]
2023-09-17 18:16:15.101  INFO 79635 --- [main] org.hibernate.Version                    : HHH000412: Hibernate ORM core version 5.6.9.Final
2023-09-17 18:16:15.295  INFO 79635 --- [main] o.hibernate.annotations.common.Version   : HCANN000001: Hibernate Commons Annotations {5.1.2.Final}
2023-09-17 18:16:15.380  INFO 79635 --- [main] com.zaxxer.hikari.HikariDataSource       : HikariPool-1 - Starting...
2023-09-17 18:16:15.673  INFO 79635 --- [main] com.zaxxer.hikari.HikariDataSource       : HikariPool-1 - Start completed.
2023-09-17 18:16:15.714  INFO 79635 --- [main] org.hibernate.dialect.Dialect            : HHH000400: Using dialect: org.hibernate.dialect.MySQL8Dialect
2023-09-17 18:16:17.074  INFO 79635 --- [main] o.h.e.t.j.p.i.JtaPlatformInitiator       : HHH000490: Using JtaPlatform implementation: [org.hibernate.engine.transaction.jta.platform.internal.NoJtaPlatform]
2023-09-17 18:16:17.087  INFO 79635 --- [main] j.LocalContainerEntityManagerFactoryBean : Initialized JPA EntityManagerFactory for persistence unit 'default'
2023-09-17 18:16:18.230  WARN 79635 --- [main] JpaBaseConfiguration$JpaWebConfiguration : spring.jpa.open-in-view is enabled by default. Therefore, database queries may be performed during view rendering. Explicitly configure spring.jpa.open-in-view to disable this warning
2023-09-17 18:16:18.870  INFO 79635 --- [main] o.s.b.a.w.s.WelcomePageHandlerMapping    : Adding welcome page template: index
2023-09-17 18:16:19.388  INFO 79635 --- [main] o.s.b.w.embedded.tomcat.TomcatWebServer  : Tomcat started on port(s): 8080 (http) with context path ''
2023-09-17 18:16:19.513  INFO 79635 --- [main] searchengine.Application                 : Started Application in 9.58 seconds (JVM running for 10.499)
2023-09-17 18:16:19.522  INFO 79635 --- [main] searchengine.Application                 : Application started successfully.
2023-09-17 18:17:00.978  INFO 79635 --- [http-nio-8080-exec-2] o.a.c.c.C.[Tomcat].[localhost].[/]       : Initializing Spring DispatcherServlet 'dispatcherServlet'
2023-09-17 18:17:00.979  INFO 79635 --- [http-nio-8080-exec-2] o.s.web.servlet.DispatcherServlet        : Initializing Servlet 'dispatcherServlet'
2023-09-17 18:17:00.988  INFO 79635 --- [http-nio-8080-exec-2] o.s.web.servlet.DispatcherServlet        : Completed initialization in 9 ms
2023-09-17 18:29:18.863  INFO 79635 --- [SpringApplicationShutdownHook] j.LocalContainerEntityManagerFactoryBean : Closing JPA EntityManagerFactory for persistence unit 'default'
2023-09-17 18:29:18.881  INFO 79635 --- [SpringApplicationShutdownHook] com.zaxxer.hikari.HikariDataSource       : HikariPool-1 - Shutdown initiated...
2023-09-17 18:29:18.929  INFO 79635 --- [SpringApplicationShutdownHook] com.zaxxer.hikari.HikariDataSource       : HikariPool-1 - Shutdown completed.
2023-09-17 18:29:26.999  INFO 80157 --- [main] searchengine.Application                 : Starting Application using Java 19.0.1 on MacBook-Pro.local with PID 80157 (/Users/user/IdeaProjects/diplom/searchengine/target/classes started by user in /Users/user/IdeaProjects/diplom/searchengine)
2023-09-17 18:29:27.001  INFO 80157 --- [main] searchengine.Application                 : No active profile set, falling back to 1 default profile: "default"
2023-09-17 18:29:28.600  INFO 80157 --- [main] .s.d.r.c.RepositoryConfigurationDelegate : Bootstrapping Spring Data JPA repositories in DEFAULT mode.
2023-09-17 18:29:28.724  INFO 80157 --- [main] .s.d.r.c.RepositoryConfigurationDelegate : Finished Spring Data repository scanning in 115 ms. Found 4 JPA repository interfaces.
2023-09-17 18:29:30.218  INFO 80157 --- [main] o.s.b.w.embedded.tomcat.TomcatWebServer  : Tomcat initialized with port(s): 8080 (http)
2023-09-17 18:29:30.232  INFO 80157 --- [main] o.apache.catalina.core.StandardService   : Starting service [Tomcat]
2023-09-17 18:29:30.233  INFO 80157 --- [main] org.apache.catalina.core.StandardEngine  : Starting Servlet engine: [Apache Tomcat/9.0.64]
2023-09-17 18:29:30.485  INFO 80157 --- [main] o.a.c.c.C.[Tomcat].[localhost].[/]       : Initializing Spring embedded WebApplicationContext
2023-09-17 18:29:30.486  INFO 80157 --- [main] w.s.c.ServletWebServerApplicationContext : Root WebApplicationContext: initialization completed in 3324 ms
2023-09-17 18:29:30.954  INFO 80157 --- [main] o.hibernate.jpa.internal.util.LogHelper  : HHH000204: Processing PersistenceUnitInfo [name: default]
2023-09-17 18:29:31.009  INFO 80157 --- [main] org.hibernate.Version                    : HHH000412: Hibernate ORM core version 5.6.9.Final
2023-09-17 18:29:31.193  INFO 80157 --- [main] o.hibernate.annotations.common.Version   : HCANN000001: Hibernate Commons Annotations {5.1.2.Final}
2023-09-17 18:29:31.288  INFO 80157 --- [main] com.zaxxer.hikari.HikariDataSource       : HikariPool-1 - Starting...
2023-09-17 18:29:31.548  INFO 80157 --- [main] com.zaxxer.hikari.HikariDataSource       : HikariPool-1 - Start completed.
2023-09-17 18:29:31.570  INFO 80157 --- [main] org.hibernate.dialect.Dialect            : HHH000400: Using dialect: org.hibernate.dialect.MySQL8Dialect
2023-09-17 18:29:32.552  INFO 80157 --- [main] o.h.e.t.j.p.i.JtaPlatformInitiator       : HHH000490: Using JtaPlatform implementation: [org.hibernate.engine.transaction.jta.platform.internal.NoJtaPlatform]
2023-09-17 18:29:32.562  INFO 80157 --- [main] j.LocalContainerEntityManagerFactoryBean : Initialized JPA EntityManagerFactory for persistence unit 'default'
2023-09-17 18:29:33.521  WARN 80157 --- [main] JpaBaseConfiguration$JpaWebConfiguration : spring.jpa.open-in-view is enabled by default. Therefore, database queries may be performed during view rendering. Explicitly configure spring.jpa.open-in-view to disable this warning
2023-09-17 18:29:33.808  INFO 80157 --- [main] o.s.b.a.w.s.WelcomePageHandlerMapping    : Adding welcome page template: index
2023-09-17 18:29:34.590  INFO 80157 --- [main] o.s.b.w.embedded.tomcat.TomcatWebServer  : Tomcat started on port(s): 8080 (http) with context path ''
2023-09-17 18:29:34.608  INFO 80157 --- [main] searchengine.Application                 : Started Application in 8.551 seconds (JVM running for 9.445)
2023-09-17 18:29:34.615  INFO 80157 --- [main] searchengine.Application                 : Application started successfully.
2023-09-17 18:29:35.546  INFO 80157 --- [http-nio-8080-exec-1] o.a.c.c.C.[Tomcat].[localhost].[/]       : Initializing Spring DispatcherServlet 'dispatcherServlet'
2023-09-17 18:29:35.547  INFO 80157 --- [http-nio-8080-exec-1] o.s.web.servlet.DispatcherServlet        : Initializing Servlet 'dispatcherServlet'
2023-09-17 18:29:35.549  INFO 80157 --- [http-nio-8080-exec-1] o.s.web.servlet.DispatcherServlet        : Completed initialization in 2 ms
2023-09-17 18:45:55.005  INFO 80157 --- [SpringApplicationShutdownHook] j.LocalContainerEntityManagerFactoryBean : Closing JPA EntityManagerFactory for persistence unit 'default'
2023-09-17 18:45:55.023  INFO 80157 --- [SpringApplicationShutdownHook] com.zaxxer.hikari.HikariDataSource       : HikariPool-1 - Shutdown initiated...
2023-09-17 18:45:55.050  INFO 80157 --- [SpringApplicationShutdownHook] com.zaxxer.hikari.HikariDataSource       : HikariPool-1 - Shutdown completed.
2023-09-17 18:46:01.855  INFO 80802 --- [main] searchengine.Application                 : Starting Application using Java 19.0.1 on MacBook-Pro.local with PID 80802 (/Users/user/IdeaProjects/diplom/searchengine/target/classes started by user in /Users/user/IdeaProjects/diplom/searchengine)
2023-09-17 18:46:01.858  INFO 80802 --- [main] searchengine.Application                 : No active profile set, falling back to 1 default profile: "default"
2023-09-17 18:46:03.403  INFO 80802 --- [main] .s.d.r.c.RepositoryConfigurationDelegate : Bootstrapping Spring Data JPA repositories in DEFAULT mode.
2023-09-17 18:46:03.534  INFO 80802 --- [main] .s.d.r.c.RepositoryConfigurationDelegate : Finished Spring Data repository scanning in 118 ms. Found 4 JPA repository interfaces.
2023-09-17 18:46:04.979  INFO 80802 --- [main] o.s.b.w.embedded.tomcat.TomcatWebServer  : Tomcat initialized with port(s): 8080 (http)
2023-09-17 18:46:04.992  INFO 80802 --- [main] o.apache.catalina.core.StandardService   : Starting service [Tomcat]
2023-09-17 18:46:04.993  INFO 80802 --- [main] org.apache.catalina.core.StandardEngine  : Starting Servlet engine: [Apache Tomcat/9.0.64]
2023-09-17 18:46:05.158  INFO 80802 --- [main] o.a.c.c.C.[Tomcat].[localhost].[/]       : Initializing Spring embedded WebApplicationContext
2023-09-17 18:46:05.158  INFO 80802 --- [main] w.s.c.ServletWebServerApplicationContext : Root WebApplicationContext: initialization completed in 3122 ms
2023-09-17 18:46:05.589  INFO 80802 --- [main] o.hibernate.jpa.internal.util.LogHelper  : HHH000204: Processing PersistenceUnitInfo [name: default]
2023-09-17 18:46:05.632  INFO 80802 --- [main] org.hibernate.Version                    : HHH000412: Hibernate ORM core version 5.6.9.Final
2023-09-17 18:46:05.812  INFO 80802 --- [main] o.hibernate.annotations.common.Version   : HCANN000001: Hibernate Commons Annotations {5.1.2.Final}
2023-09-17 18:46:05.899  INFO 80802 --- [main] com.zaxxer.hikari.HikariDataSource       : HikariPool-1 - Starting...
2023-09-17 18:46:06.200  INFO 80802 --- [main] com.zaxxer.hikari.HikariDataSource       : HikariPool-1 - Start completed.
2023-09-17 18:46:06.229  INFO 80802 --- [main] org.hibernate.dialect.Dialect            : HHH000400: Using dialect: org.hibernate.dialect.MySQL8Dialect
2023-09-17 18:46:07.381  INFO 80802 --- [main] o.h.e.t.j.p.i.JtaPlatformInitiator       : HHH000490: Using JtaPlatform implementation: [org.hibernate.engine.transaction.jta.platform.internal.NoJtaPlatform]
2023-09-17 18:46:07.390  INFO 80802 --- [main] j.LocalContainerEntityManagerFactoryBean : Initialized JPA EntityManagerFactory for persistence unit 'default'
2023-09-17 18:46:08.328  WARN 80802 --- [main] JpaBaseConfiguration$JpaWebConfiguration : spring.jpa.open-in-view is enabled by default. Therefore, database queries may be performed during view rendering. Explicitly configure spring.jpa.open-in-view to disable this warning
2023-09-17 18:46:08.869  INFO 80802 --- [main] o.s.b.a.w.s.WelcomePageHandlerMapping    : Adding welcome page template: index
2023-09-17 18:46:09.465  INFO 80802 --- [main] o.s.b.w.embedded.tomcat.TomcatWebServer  : Tomcat started on port(s): 8080 (http) with context path ''
2023-09-17 18:46:09.489  INFO 80802 --- [main] searchengine.Application                 : Started Application in 8.576 seconds (JVM running for 9.516)
2023-09-17 18:46:09.501  INFO 80802 --- [main] searchengine.Application                 : Application started successfully.
2023-09-17 18:46:17.526  INFO 80802 --- [http-nio-8080-exec-1] o.a.c.c.C.[Tomcat].[localhost].[/]       : Initializing Spring DispatcherServlet 'dispatcherServlet'
2023-09-17 18:46:17.528  INFO 80802 --- [http-nio-8080-exec-1] o.s.web.servlet.DispatcherServlet        : Initializing Servlet 'dispatcherServlet'
2023-09-17 18:46:17.534  INFO 80802 --- [http-nio-8080-exec-1] o.s.web.servlet.DispatcherServlet        : Completed initialization in 6 ms
2023-09-17 18:50:06.644  INFO 80802 --- [SpringApplicationShutdownHook] j.LocalContainerEntityManagerFactoryBean : Closing JPA EntityManagerFactory for persistence unit 'default'
2023-09-17 18:50:06.655  INFO 80802 --- [SpringApplicationShutdownHook] com.zaxxer.hikari.HikariDataSource       : HikariPool-1 - Shutdown initiated...
2023-09-17 18:50:06.674  INFO 80802 --- [SpringApplicationShutdownHook] com.zaxxer.hikari.HikariDataSource       : HikariPool-1 - Shutdown completed.
2023-09-17 18:50:13.518  INFO 80953 --- [main] searchengine.Application                 : Starting Application using Java 19.0.1 on MacBook-Pro.local with PID 80953 (/Users/user/IdeaProjects/diplom/searchengine/target/classes started by user in /Users/user/IdeaProjects/diplom/searchengine)
2023-09-17 18:50:13.521  INFO 80953 --- [main] searchengine.Application                 : No active profile set, falling back to 1 default profile: "default"
2023-09-17 18:50:15.189  INFO 80953 --- [main] .s.d.r.c.RepositoryConfigurationDelegate : Bootstrapping Spring Data JPA repositories in DEFAULT mode.
2023-09-17 18:50:15.310  INFO 80953 --- [main] .s.d.r.c.RepositoryConfigurationDelegate : Finished Spring Data repository scanning in 109 ms. Found 4 JPA repository interfaces.
2023-09-17 18:50:16.766  INFO 80953 --- [main] o.s.b.w.embedded.tomcat.TomcatWebServer  : Tomcat initialized with port(s): 8080 (http)
2023-09-17 18:50:16.779  INFO 80953 --- [main] o.apache.catalina.core.StandardService   : Starting service [Tomcat]
2023-09-17 18:50:16.779  INFO 80953 --- [main] org.apache.catalina.core.StandardEngine  : Starting Servlet engine: [Apache Tomcat/9.0.64]
2023-09-17 18:50:16.944  INFO 80953 --- [main] o.a.c.c.C.[Tomcat].[localhost].[/]       : Initializing Spring embedded WebApplicationContext
2023-09-17 18:50:16.944  INFO 80953 --- [main] w.s.c.ServletWebServerApplicationContext : Root WebApplicationContext: initialization completed in 3255 ms
2023-09-17 18:50:17.365  INFO 80953 --- [main] o.hibernate.jpa.internal.util.LogHelper  : HHH000204: Processing PersistenceUnitInfo [name: default]
2023-09-17 18:50:17.404  INFO 80953 --- [main] org.hibernate.Version                    : HHH000412: Hibernate ORM core version 5.6.9.Final
2023-09-17 18:50:17.583  INFO 80953 --- [main] o.hibernate.annotations.common.Version   : HCANN000001: Hibernate Commons Annotations {5.1.2.Final}
2023-09-17 18:50:17.678  INFO 80953 --- [main] com.zaxxer.hikari.HikariDataSource       : HikariPool-1 - Starting...
2023-09-17 18:50:17.927  INFO 80953 --- [main] com.zaxxer.hikari.HikariDataSource       : HikariPool-1 - Start completed.
2023-09-17 18:50:17.946  INFO 80953 --- [main] org.hibernate.dialect.Dialect            : HHH000400: Using dialect: org.hibernate.dialect.MySQL8Dialect
2023-09-17 18:50:18.980  INFO 80953 --- [main] o.h.e.t.j.p.i.JtaPlatformInitiator       : HHH000490: Using JtaPlatform implementation: [org.hibernate.engine.transaction.jta.platform.internal.NoJtaPlatform]
2023-09-17 18:50:18.993  INFO 80953 --- [main] j.LocalContainerEntityManagerFactoryBean : Initialized JPA EntityManagerFactory for persistence unit 'default'
2023-09-17 18:50:19.849  WARN 80953 --- [main] JpaBaseConfiguration$JpaWebConfiguration : spring.jpa.open-in-view is enabled by default. Therefore, database queries may be performed during view rendering. Explicitly configure spring.jpa.open-in-view to disable this warning
2023-09-17 18:50:20.127  INFO 80953 --- [main] o.s.b.a.w.s.WelcomePageHandlerMapping    : Adding welcome page template: index
2023-09-17 18:50:20.919  INFO 80953 --- [main] o.s.b.w.embedded.tomcat.TomcatWebServer  : Tomcat started on port(s): 8080 (http) with context path ''
2023-09-17 18:50:21.004  INFO 80953 --- [main] searchengine.Application                 : Started Application in 8.4 seconds (JVM running for 9.388)
2023-09-17 18:50:21.014  INFO 80953 --- [main] searchengine.Application                 : Application started successfully.
2023-09-17 18:50:24.412  INFO 80953 --- [http-nio-8080-exec-1] o.a.c.c.C.[Tomcat].[localhost].[/]       : Initializing Spring DispatcherServlet 'dispatcherServlet'
2023-09-17 18:50:24.412  INFO 80953 --- [http-nio-8080-exec-1] o.s.web.servlet.DispatcherServlet        : Initializing Servlet 'dispatcherServlet'
2023-09-17 18:50:24.417  INFO 80953 --- [http-nio-8080-exec-1] o.s.web.servlet.DispatcherServlet        : Completed initialization in 4 ms
2023-09-17 19:01:00.878  INFO 80953 --- [SpringApplicationShutdownHook] j.LocalContainerEntityManagerFactoryBean : Closing JPA EntityManagerFactory for persistence unit 'default'
2023-09-17 19:01:00.895  INFO 80953 --- [SpringApplicationShutdownHook] com.zaxxer.hikari.HikariDataSource       : HikariPool-1 - Shutdown initiated...
2023-09-17 19:01:00.927  INFO 80953 --- [SpringApplicationShutdownHook] com.zaxxer.hikari.HikariDataSource       : HikariPool-1 - Shutdown completed.
2023-09-17 19:01:08.019  INFO 81338 --- [main] searchengine.Application                 : Starting Application using Java 19.0.1 on MacBook-Pro.local with PID 81338 (/Users/user/IdeaProjects/diplom/searchengine/target/classes started by user in /Users/user/IdeaProjects/diplom/searchengine)
2023-09-17 19:01:08.024  INFO 81338 --- [main] searchengine.Application                 : No active profile set, falling back to 1 default profile: "default"
2023-09-17 19:01:09.597  INFO 81338 --- [main] .s.d.r.c.RepositoryConfigurationDelegate : Bootstrapping Spring Data JPA repositories in DEFAULT mode.
2023-09-17 19:01:09.723  INFO 81338 --- [main] .s.d.r.c.RepositoryConfigurationDelegate : Finished Spring Data repository scanning in 117 ms. Found 4 JPA repository interfaces.
2023-09-17 19:01:11.141  INFO 81338 --- [main] o.s.b.w.embedded.tomcat.TomcatWebServer  : Tomcat initialized with port(s): 8080 (http)
2023-09-17 19:01:11.154  INFO 81338 --- [main] o.apache.catalina.core.StandardService   : Starting service [Tomcat]
2023-09-17 19:01:11.154  INFO 81338 --- [main] org.apache.catalina.core.StandardEngine  : Starting Servlet engine: [Apache Tomcat/9.0.64]
2023-09-17 19:01:11.360  INFO 81338 --- [main] o.a.c.c.C.[Tomcat].[localhost].[/]       : Initializing Spring embedded WebApplicationContext
2023-09-17 19:01:11.361  INFO 81338 --- [main] w.s.c.ServletWebServerApplicationContext : Root WebApplicationContext: initialization completed in 3144 ms
2023-09-17 19:01:11.788  INFO 81338 --- [main] o.hibernate.jpa.internal.util.LogHelper  : HHH000204: Processing PersistenceUnitInfo [name: default]
2023-09-17 19:01:11.837  INFO 81338 --- [main] org.hibernate.Version                    : HHH000412: Hibernate ORM core version 5.6.9.Final
2023-09-17 19:01:12.038  INFO 81338 --- [main] o.hibernate.annotations.common.Version   : HCANN000001: Hibernate Commons Annotations {5.1.2.Final}
2023-09-17 19:01:12.133  INFO 81338 --- [main] com.zaxxer.hikari.HikariDataSource       : HikariPool-1 - Starting...
2023-09-17 19:01:12.404  INFO 81338 --- [main] com.zaxxer.hikari.HikariDataSource       : HikariPool-1 - Start completed.
2023-09-17 19:01:12.424  INFO 81338 --- [main] org.hibernate.dialect.Dialect            : HHH000400: Using dialect: org.hibernate.dialect.MySQL8Dialect
2023-09-17 19:01:13.457  INFO 81338 --- [main] o.h.e.t.j.p.i.JtaPlatformInitiator       : HHH000490: Using JtaPlatform implementation: [org.hibernate.engine.transaction.jta.platform.internal.NoJtaPlatform]
2023-09-17 19:01:13.467  INFO 81338 --- [main] j.LocalContainerEntityManagerFactoryBean : Initialized JPA EntityManagerFactory for persistence unit 'default'
2023-09-17 19:01:14.345  WARN 81338 --- [main] JpaBaseConfiguration$JpaWebConfiguration : spring.jpa.open-in-view is enabled by default. Therefore, database queries may be performed during view rendering. Explicitly configure spring.jpa.open-in-view to disable this warning
2023-09-17 19:01:14.941  INFO 81338 --- [main] o.s.b.a.w.s.WelcomePageHandlerMapping    : Adding welcome page template: index
2023-09-17 19:01:15.348  INFO 81338 --- [main] o.s.b.w.embedded.tomcat.TomcatWebServer  : Tomcat started on port(s): 8080 (http) with context path ''
2023-09-17 19:01:15.368  INFO 81338 --- [main] searchengine.Application                 : Started Application in 8.299 seconds (JVM running for 9.197)
2023-09-17 19:01:15.436  INFO 81338 --- [main] searchengine.Application                 : Application started successfully.
2023-09-17 19:01:24.247  INFO 81338 --- [http-nio-8080-exec-1] o.a.c.c.C.[Tomcat].[localhost].[/]       : Initializing Spring DispatcherServlet 'dispatcherServlet'
2023-09-17 19:01:24.248  INFO 81338 --- [http-nio-8080-exec-1] o.s.web.servlet.DispatcherServlet        : Initializing Servlet 'dispatcherServlet'
2023-09-17 19:01:24.254  INFO 81338 --- [http-nio-8080-exec-1] o.s.web.servlet.DispatcherServlet        : Completed initialization in 5 ms
2023-09-17 19:04:00.502  INFO 81338 --- [SpringApplicationShutdownHook] j.LocalContainerEntityManagerFactoryBean : Closing JPA EntityManagerFactory for persistence unit 'default'
2023-09-17 19:04:00.516  INFO 81338 --- [SpringApplicationShutdownHook] com.zaxxer.hikari.HikariDataSource       : HikariPool-1 - Shutdown initiated...
2023-09-17 19:04:00.534  INFO 81338 --- [SpringApplicationShutdownHook] com.zaxxer.hikari.HikariDataSource       : HikariPool-1 - Shutdown completed.
2023-09-17 19:04:07.404  INFO 81504 --- [main] searchengine.Application                 : Starting Application using Java 19.0.1 on MacBook-Pro.local with PID 81504 (/Users/user/IdeaProjects/diplom/searchengine/target/classes started by user in /Users/user/IdeaProjects/diplom/searchengine)
2023-09-17 19:04:07.410  INFO 81504 --- [main] searchengine.Application                 : No active profile set, falling back to 1 default profile: "default"
2023-09-17 19:04:09.039  INFO 81504 --- [main] .s.d.r.c.RepositoryConfigurationDelegate : Bootstrapping Spring Data JPA repositories in DEFAULT mode.
2023-09-17 19:04:09.164  INFO 81504 --- [main] .s.d.r.c.RepositoryConfigurationDelegate : Finished Spring Data repository scanning in 115 ms. Found 4 JPA repository interfaces.
2023-09-17 19:04:10.613  INFO 81504 --- [main] o.s.b.w.embedded.tomcat.TomcatWebServer  : Tomcat initialized with port(s): 8080 (http)
2023-09-17 19:04:10.627  INFO 81504 --- [main] o.apache.catalina.core.StandardService   : Starting service [Tomcat]
2023-09-17 19:04:10.627  INFO 81504 --- [main] org.apache.catalina.core.StandardEngine  : Starting Servlet engine: [Apache Tomcat/9.0.64]
2023-09-17 19:04:10.840  INFO 81504 --- [main] o.a.c.c.C.[Tomcat].[localhost].[/]       : Initializing Spring embedded WebApplicationContext
2023-09-17 19:04:10.841  INFO 81504 --- [main] w.s.c.ServletWebServerApplicationContext : Root WebApplicationContext: initialization completed in 3218 ms
2023-09-17 19:04:11.214  INFO 81504 --- [main] o.hibernate.jpa.internal.util.LogHelper  : HHH000204: Processing PersistenceUnitInfo [name: default]
2023-09-17 19:04:11.253  INFO 81504 --- [main] org.hibernate.Version                    : HHH000412: Hibernate ORM core version 5.6.9.Final
2023-09-17 19:04:11.445  INFO 81504 --- [main] o.hibernate.annotations.common.Version   : HCANN000001: Hibernate Commons Annotations {5.1.2.Final}
2023-09-17 19:04:11.533  INFO 81504 --- [main] com.zaxxer.hikari.HikariDataSource       : HikariPool-1 - Starting...
2023-09-17 19:04:11.807  INFO 81504 --- [main] com.zaxxer.hikari.HikariDataSource       : HikariPool-1 - Start completed.
2023-09-17 19:04:11.834  INFO 81504 --- [main] org.hibernate.dialect.Dialect            : HHH000400: Using dialect: org.hibernate.dialect.MySQL8Dialect
2023-09-17 19:04:12.824  INFO 81504 --- [main] o.h.e.t.j.p.i.JtaPlatformInitiator       : HHH000490: Using JtaPlatform implementation: [org.hibernate.engine.transaction.jta.platform.internal.NoJtaPlatform]
2023-09-17 19:04:12.832  INFO 81504 --- [main] j.LocalContainerEntityManagerFactoryBean : Initialized JPA EntityManagerFactory for persistence unit 'default'
2023-09-17 19:04:13.764  WARN 81504 --- [main] JpaBaseConfiguration$JpaWebConfiguration : spring.jpa.open-in-view is enabled by default. Therefore, database queries may be performed during view rendering. Explicitly configure spring.jpa.open-in-view to disable this warning
2023-09-17 19:04:14.043  INFO 81504 --- [main] o.s.b.a.w.s.WelcomePageHandlerMapping    : Adding welcome page template: index
2023-09-17 19:04:14.877  INFO 81504 --- [main] o.s.b.w.embedded.tomcat.TomcatWebServer  : Tomcat started on port(s): 8080 (http) with context path ''
2023-09-17 19:04:14.897  INFO 81504 --- [main] searchengine.Application                 : Started Application in 8.438 seconds (JVM running for 9.336)
2023-09-17 19:04:14.903  INFO 81504 --- [main] searchengine.Application                 : Application started successfully.
2023-09-17 19:04:19.252  INFO 81504 --- [http-nio-8080-exec-1] o.a.c.c.C.[Tomcat].[localhost].[/]       : Initializing Spring DispatcherServlet 'dispatcherServlet'
2023-09-17 19:04:19.253  INFO 81504 --- [http-nio-8080-exec-1] o.s.web.servlet.DispatcherServlet        : Initializing Servlet 'dispatcherServlet'
2023-09-17 19:04:19.261  INFO 81504 --- [http-nio-8080-exec-1] o.s.web.servlet.DispatcherServlet        : Completed initialization in 7 ms
2023-09-17 19:12:40.093  INFO 81504 --- [SpringApplicationShutdownHook] j.LocalContainerEntityManagerFactoryBean : Closing JPA EntityManagerFactory for persistence unit 'default'
2023-09-17 19:12:40.112  INFO 81504 --- [SpringApplicationShutdownHook] com.zaxxer.hikari.HikariDataSource       : HikariPool-1 - Shutdown initiated...
2023-09-17 19:12:40.146  INFO 81504 --- [SpringApplicationShutdownHook] com.zaxxer.hikari.HikariDataSource       : HikariPool-1 - Shutdown completed.
2023-09-17 19:12:47.705  INFO 81845 --- [main] searchengine.Application                 : Starting Application using Java 19.0.1 on MacBook-Pro.local with PID 81845 (/Users/user/IdeaProjects/diplom/searchengine/target/classes started by user in /Users/user/IdeaProjects/diplom/searchengine)
2023-09-17 19:12:47.710  INFO 81845 --- [main] searchengine.Application                 : No active profile set, falling back to 1 default profile: "default"
2023-09-17 19:12:49.255  INFO 81845 --- [main] .s.d.r.c.RepositoryConfigurationDelegate : Bootstrapping Spring Data JPA repositories in DEFAULT mode.
2023-09-17 19:12:49.382  INFO 81845 --- [main] .s.d.r.c.RepositoryConfigurationDelegate : Finished Spring Data repository scanning in 117 ms. Found 4 JPA repository interfaces.
2023-09-17 19:12:50.828  INFO 81845 --- [main] o.s.b.w.embedded.tomcat.TomcatWebServer  : Tomcat initialized with port(s): 8080 (http)
2023-09-17 19:12:50.841  INFO 81845 --- [main] o.apache.catalina.core.StandardService   : Starting service [Tomcat]
2023-09-17 19:12:50.842  INFO 81845 --- [main] org.apache.catalina.core.StandardEngine  : Starting Servlet engine: [Apache Tomcat/9.0.64]
2023-09-17 19:12:51.053  INFO 81845 --- [main] o.a.c.c.C.[Tomcat].[localhost].[/]       : Initializing Spring embedded WebApplicationContext
2023-09-17 19:12:51.053  INFO 81845 --- [main] w.s.c.ServletWebServerApplicationContext : Root WebApplicationContext: initialization completed in 3208 ms
2023-09-17 19:12:51.459  INFO 81845 --- [main] o.hibernate.jpa.internal.util.LogHelper  : HHH000204: Processing PersistenceUnitInfo [name: default]
2023-09-17 19:12:51.508  INFO 81845 --- [main] org.hibernate.Version                    : HHH000412: Hibernate ORM core version 5.6.9.Final
2023-09-17 19:12:51.692  INFO 81845 --- [main] o.hibernate.annotations.common.Version   : HCANN000001: Hibernate Commons Annotations {5.1.2.Final}
2023-09-17 19:12:51.784  INFO 81845 --- [main] com.zaxxer.hikari.HikariDataSource       : HikariPool-1 - Starting...
2023-09-17 19:12:52.052  INFO 81845 --- [main] com.zaxxer.hikari.HikariDataSource       : HikariPool-1 - Start completed.
2023-09-17 19:12:52.073  INFO 81845 --- [main] org.hibernate.dialect.Dialect            : HHH000400: Using dialect: org.hibernate.dialect.MySQL8Dialect
2023-09-17 19:12:53.089  INFO 81845 --- [main] o.h.e.t.j.p.i.JtaPlatformInitiator       : HHH000490: Using JtaPlatform implementation: [org.hibernate.engine.transaction.jta.platform.internal.NoJtaPlatform]
2023-09-17 19:12:53.098  INFO 81845 --- [main] j.LocalContainerEntityManagerFactoryBean : Initialized JPA EntityManagerFactory for persistence unit 'default'
2023-09-17 19:12:53.970  WARN 81845 --- [main] JpaBaseConfiguration$JpaWebConfiguration : spring.jpa.open-in-view is enabled by default. Therefore, database queries may be performed during view rendering. Explicitly configure spring.jpa.open-in-view to disable this warning
2023-09-17 19:12:54.224  INFO 81845 --- [main] o.s.b.a.w.s.WelcomePageHandlerMapping    : Adding welcome page template: index
2023-09-17 19:12:54.981  INFO 81845 --- [main] o.s.b.w.embedded.tomcat.TomcatWebServer  : Tomcat started on port(s): 8080 (http) with context path ''
2023-09-17 19:12:55.009  INFO 81845 --- [main] searchengine.Application                 : Started Application in 8.249 seconds (JVM running for 9.151)
2023-09-17 19:12:55.019  INFO 81845 --- [main] searchengine.Application                 : Application started successfully.
2023-09-17 19:13:05.348  INFO 81845 --- [http-nio-8080-exec-1] o.a.c.c.C.[Tomcat].[localhost].[/]       : Initializing Spring DispatcherServlet 'dispatcherServlet'
2023-09-17 19:13:05.349  INFO 81845 --- [http-nio-8080-exec-1] o.s.web.servlet.DispatcherServlet        : Initializing Servlet 'dispatcherServlet'
2023-09-17 19:13:05.354  INFO 81845 --- [http-nio-8080-exec-1] o.s.web.servlet.DispatcherServlet        : Completed initialization in 4 ms
2023-09-17 19:13:53.895  INFO 81845 --- [SpringApplicationShutdownHook] j.LocalContainerEntityManagerFactoryBean : Closing JPA EntityManagerFactory for persistence unit 'default'
2023-09-17 19:13:53.915  INFO 81845 --- [SpringApplicationShutdownHook] com.zaxxer.hikari.HikariDataSource       : HikariPool-1 - Shutdown initiated...
2023-09-17 19:13:53.934  INFO 81845 --- [SpringApplicationShutdownHook] com.zaxxer.hikari.HikariDataSource       : HikariPool-1 - Shutdown completed.
2023-09-17 19:44:16.749  INFO 83047 --- [main] searchengine.Application                 : Starting Application using Java 19.0.1 on MacBook-Pro.local with PID 83047 (/Users/user/IdeaProjects/diplom/searchengine/target/classes started by user in /Users/user/IdeaProjects/diplom/searchengine)
2023-09-17 19:44:16.756  INFO 83047 --- [main] searchengine.Application                 : No active profile set, falling back to 1 default profile: "default"
2023-09-17 19:44:18.319  INFO 83047 --- [main] .s.d.r.c.RepositoryConfigurationDelegate : Bootstrapping Spring Data JPA repositories in DEFAULT mode.
2023-09-17 19:44:18.441  INFO 83047 --- [main] .s.d.r.c.RepositoryConfigurationDelegate : Finished Spring Data repository scanning in 112 ms. Found 4 JPA repository interfaces.
2023-09-17 19:44:19.893  INFO 83047 --- [main] o.s.b.w.embedded.tomcat.TomcatWebServer  : Tomcat initialized with port(s): 8080 (http)
2023-09-17 19:44:19.906  INFO 83047 --- [main] o.apache.catalina.core.StandardService   : Starting service [Tomcat]
2023-09-17 19:44:19.906  INFO 83047 --- [main] org.apache.catalina.core.StandardEngine  : Starting Servlet engine: [Apache Tomcat/9.0.64]
2023-09-17 19:44:20.110  INFO 83047 --- [main] o.a.c.c.C.[Tomcat].[localhost].[/]       : Initializing Spring embedded WebApplicationContext
2023-09-17 19:44:20.111  INFO 83047 --- [main] w.s.c.ServletWebServerApplicationContext : Root WebApplicationContext: initialization completed in 3192 ms
2023-09-17 19:44:20.529  INFO 83047 --- [main] o.hibernate.jpa.internal.util.LogHelper  : HHH000204: Processing PersistenceUnitInfo [name: default]
2023-09-17 19:44:20.572  INFO 83047 --- [main] org.hibernate.Version                    : HHH000412: Hibernate ORM core version 5.6.9.Final
2023-09-17 19:44:20.757  INFO 83047 --- [main] o.hibernate.annotations.common.Version   : HCANN000001: Hibernate Commons Annotations {5.1.2.Final}
2023-09-17 19:44:20.844  INFO 83047 --- [main] com.zaxxer.hikari.HikariDataSource       : HikariPool-1 - Starting...
2023-09-17 19:44:21.146  INFO 83047 --- [main] com.zaxxer.hikari.HikariDataSource       : HikariPool-1 - Start completed.
2023-09-17 19:44:21.167  INFO 83047 --- [main] org.hibernate.dialect.Dialect            : HHH000400: Using dialect: org.hibernate.dialect.MySQL8Dialect
2023-09-17 19:44:22.181  INFO 83047 --- [main] o.h.e.t.j.p.i.JtaPlatformInitiator       : HHH000490: Using JtaPlatform implementation: [org.hibernate.engine.transaction.jta.platform.internal.NoJtaPlatform]
2023-09-17 19:44:22.193  INFO 83047 --- [main] j.LocalContainerEntityManagerFactoryBean : Initialized JPA EntityManagerFactory for persistence unit 'default'
2023-09-17 19:44:23.082  WARN 83047 --- [main] JpaBaseConfiguration$JpaWebConfiguration : spring.jpa.open-in-view is enabled by default. Therefore, database queries may be performed during view rendering. Explicitly configure spring.jpa.open-in-view to disable this warning
2023-09-17 19:44:23.348  INFO 83047 --- [main] o.s.b.a.w.s.WelcomePageHandlerMapping    : Adding welcome page template: index
2023-09-17 19:44:24.119  INFO 83047 --- [main] o.s.b.w.embedded.tomcat.TomcatWebServer  : Tomcat started on port(s): 8080 (http) with context path ''
2023-09-17 19:44:24.142  INFO 83047 --- [main] searchengine.Application                 : Started Application in 8.327 seconds (JVM running for 9.241)
2023-09-17 19:44:24.206  INFO 83047 --- [main] searchengine.Application                 : Application started successfully.
2023-09-17 19:44:43.439  INFO 83047 --- [http-nio-8080-exec-1] o.a.c.c.C.[Tomcat].[localhost].[/]       : Initializing Spring DispatcherServlet 'dispatcherServlet'
2023-09-17 19:44:43.441  INFO 83047 --- [http-nio-8080-exec-1] o.s.web.servlet.DispatcherServlet        : Initializing Servlet 'dispatcherServlet'
2023-09-17 19:44:43.454  INFO 83047 --- [http-nio-8080-exec-1] o.s.web.servlet.DispatcherServlet        : Completed initialization in 13 ms
2023-09-17 19:44:58.306  INFO 83047 --- [SpringApplicationShutdownHook] j.LocalContainerEntityManagerFactoryBean : Closing JPA EntityManagerFactory for persistence unit 'default'
2023-09-17 19:44:58.317  INFO 83047 --- [SpringApplicationShutdownHook] com.zaxxer.hikari.HikariDataSource       : HikariPool-1 - Shutdown initiated...
2023-09-17 19:44:58.334  INFO 83047 --- [SpringApplicationShutdownHook] com.zaxxer.hikari.HikariDataSource       : HikariPool-1 - Shutdown completed.
2023-09-17 19:48:18.478  INFO 83240 --- [main] searchengine.Application                 : Starting Application using Java 19.0.1 on MacBook-Pro.local with PID 83240 (/Users/user/IdeaProjects/diplom/searchengine/target/classes started by user in /Users/user/IdeaProjects/diplom/searchengine)
2023-09-17 19:48:18.482  INFO 83240 --- [main] searchengine.Application                 : No active profile set, falling back to 1 default profile: "default"
2023-09-17 19:48:20.030  INFO 83240 --- [main] .s.d.r.c.RepositoryConfigurationDelegate : Bootstrapping Spring Data JPA repositories in DEFAULT mode.
2023-09-17 19:48:20.144  INFO 83240 --- [main] .s.d.r.c.RepositoryConfigurationDelegate : Finished Spring Data repository scanning in 105 ms. Found 4 JPA repository interfaces.
2023-09-17 19:48:21.613  INFO 83240 --- [main] o.s.b.w.embedded.tomcat.TomcatWebServer  : Tomcat initialized with port(s): 8080 (http)
2023-09-17 19:48:21.627  INFO 83240 --- [main] o.apache.catalina.core.StandardService   : Starting service [Tomcat]
2023-09-17 19:48:21.628  INFO 83240 --- [main] org.apache.catalina.core.StandardEngine  : Starting Servlet engine: [Apache Tomcat/9.0.64]
2023-09-17 19:48:21.794  INFO 83240 --- [main] o.a.c.c.C.[Tomcat].[localhost].[/]       : Initializing Spring embedded WebApplicationContext
2023-09-17 19:48:21.794  INFO 83240 --- [main] w.s.c.ServletWebServerApplicationContext : Root WebApplicationContext: initialization completed in 3141 ms
2023-09-17 19:48:22.323  INFO 83240 --- [main] o.hibernate.jpa.internal.util.LogHelper  : HHH000204: Processing PersistenceUnitInfo [name: default]
2023-09-17 19:48:22.361  INFO 83240 --- [main] org.hibernate.Version                    : HHH000412: Hibernate ORM core version 5.6.9.Final
2023-09-17 19:48:22.527  INFO 83240 --- [main] o.hibernate.annotations.common.Version   : HCANN000001: Hibernate Commons Annotations {5.1.2.Final}
2023-09-17 19:48:22.622  INFO 83240 --- [main] com.zaxxer.hikari.HikariDataSource       : HikariPool-1 - Starting...
2023-09-17 19:48:22.907  INFO 83240 --- [main] com.zaxxer.hikari.HikariDataSource       : HikariPool-1 - Start completed.
2023-09-17 19:48:22.927  INFO 83240 --- [main] org.hibernate.dialect.Dialect            : HHH000400: Using dialect: org.hibernate.dialect.MySQL8Dialect
2023-09-17 19:48:23.914  INFO 83240 --- [main] o.h.e.t.j.p.i.JtaPlatformInitiator       : HHH000490: Using JtaPlatform implementation: [org.hibernate.engine.transaction.jta.platform.internal.NoJtaPlatform]
2023-09-17 19:48:23.923  INFO 83240 --- [main] j.LocalContainerEntityManagerFactoryBean : Initialized JPA EntityManagerFactory for persistence unit 'default'
2023-09-17 19:48:24.880  WARN 83240 --- [main] JpaBaseConfiguration$JpaWebConfiguration : spring.jpa.open-in-view is enabled by default. Therefore, database queries may be performed during view rendering. Explicitly configure spring.jpa.open-in-view to disable this warning
2023-09-17 19:48:25.404  INFO 83240 --- [main] o.s.b.a.w.s.WelcomePageHandlerMapping    : Adding welcome page template: index
2023-09-17 19:48:26.028  INFO 83240 --- [main] o.s.b.w.embedded.tomcat.TomcatWebServer  : Tomcat started on port(s): 8080 (http) with context path ''
2023-09-17 19:48:26.059  INFO 83240 --- [main] searchengine.Application                 : Started Application in 8.513 seconds (JVM running for 9.411)
2023-09-17 19:48:26.071  INFO 83240 --- [main] searchengine.Application                 : Application started successfully.
2023-09-17 19:48:35.056  INFO 83240 --- [http-nio-8080-exec-1] o.a.c.c.C.[Tomcat].[localhost].[/]       : Initializing Spring DispatcherServlet 'dispatcherServlet'
2023-09-17 19:48:35.058  INFO 83240 --- [http-nio-8080-exec-1] o.s.web.servlet.DispatcherServlet        : Initializing Servlet 'dispatcherServlet'
2023-09-17 19:48:35.076  INFO 83240 --- [http-nio-8080-exec-1] o.s.web.servlet.DispatcherServlet        : Completed initialization in 18 ms
2023-09-17 19:51:27.867  INFO 83240 --- [SpringApplicationShutdownHook] j.LocalContainerEntityManagerFactoryBean : Closing JPA EntityManagerFactory for persistence unit 'default'
2023-09-17 19:51:27.880  INFO 83240 --- [SpringApplicationShutdownHook] com.zaxxer.hikari.HikariDataSource       : HikariPool-1 - Shutdown initiated...
2023-09-17 19:51:27.904  INFO 83240 --- [SpringApplicationShutdownHook] com.zaxxer.hikari.HikariDataSource       : HikariPool-1 - Shutdown completed.
2023-09-17 19:51:35.663  INFO 83376 --- [main] searchengine.Application                 : Starting Application using Java 19.0.1 on MacBook-Pro.local with PID 83376 (/Users/user/IdeaProjects/diplom/searchengine/target/classes started by user in /Users/user/IdeaProjects/diplom/searchengine)
2023-09-17 19:51:35.665  INFO 83376 --- [main] searchengine.Application                 : No active profile set, falling back to 1 default profile: "default"
2023-09-17 19:51:37.239  INFO 83376 --- [main] .s.d.r.c.RepositoryConfigurationDelegate : Bootstrapping Spring Data JPA repositories in DEFAULT mode.
2023-09-17 19:51:37.370  INFO 83376 --- [main] .s.d.r.c.RepositoryConfigurationDelegate : Finished Spring Data repository scanning in 122 ms. Found 4 JPA repository interfaces.
2023-09-17 19:51:38.820  INFO 83376 --- [main] o.s.b.w.embedded.tomcat.TomcatWebServer  : Tomcat initialized with port(s): 8080 (http)
2023-09-17 19:51:38.833  INFO 83376 --- [main] o.apache.catalina.core.StandardService   : Starting service [Tomcat]
2023-09-17 19:51:38.834  INFO 83376 --- [main] org.apache.catalina.core.StandardEngine  : Starting Servlet engine: [Apache Tomcat/9.0.64]
2023-09-17 19:51:39.007  INFO 83376 --- [main] o.a.c.c.C.[Tomcat].[localhost].[/]       : Initializing Spring embedded WebApplicationContext
2023-09-17 19:51:39.007  INFO 83376 --- [main] w.s.c.ServletWebServerApplicationContext : Root WebApplicationContext: initialization completed in 3190 ms
2023-09-17 19:51:39.421  INFO 83376 --- [main] o.hibernate.jpa.internal.util.LogHelper  : HHH000204: Processing PersistenceUnitInfo [name: default]
2023-09-17 19:51:39.467  INFO 83376 --- [main] org.hibernate.Version                    : HHH000412: Hibernate ORM core version 5.6.9.Final
2023-09-17 19:51:39.656  INFO 83376 --- [main] o.hibernate.annotations.common.Version   : HCANN000001: Hibernate Commons Annotations {5.1.2.Final}
2023-09-17 19:51:39.749  INFO 83376 --- [main] com.zaxxer.hikari.HikariDataSource       : HikariPool-1 - Starting...
2023-09-17 19:51:40.040  INFO 83376 --- [main] com.zaxxer.hikari.HikariDataSource       : HikariPool-1 - Start completed.
2023-09-17 19:51:40.060  INFO 83376 --- [main] org.hibernate.dialect.Dialect            : HHH000400: Using dialect: org.hibernate.dialect.MySQL8Dialect
2023-09-17 19:51:41.034  INFO 83376 --- [main] o.h.e.t.j.p.i.JtaPlatformInitiator       : HHH000490: Using JtaPlatform implementation: [org.hibernate.engine.transaction.jta.platform.internal.NoJtaPlatform]
2023-09-17 19:51:41.042  INFO 83376 --- [main] j.LocalContainerEntityManagerFactoryBean : Initialized JPA EntityManagerFactory for persistence unit 'default'
2023-09-17 19:51:41.954  WARN 83376 --- [main] JpaBaseConfiguration$JpaWebConfiguration : spring.jpa.open-in-view is enabled by default. Therefore, database queries may be performed during view rendering. Explicitly configure spring.jpa.open-in-view to disable this warning
2023-09-17 19:51:42.446  INFO 83376 --- [main] o.s.b.a.w.s.WelcomePageHandlerMapping    : Adding welcome page template: index
2023-09-17 19:51:43.059  INFO 83376 --- [main] o.s.b.w.embedded.tomcat.TomcatWebServer  : Tomcat started on port(s): 8080 (http) with context path ''
2023-09-17 19:51:43.079  INFO 83376 --- [main] searchengine.Application                 : Started Application in 8.371 seconds (JVM running for 9.277)
2023-09-17 19:51:43.085  INFO 83376 --- [main] searchengine.Application                 : Application started successfully.
2023-09-17 19:51:50.966  INFO 83376 --- [http-nio-8080-exec-1] o.a.c.c.C.[Tomcat].[localhost].[/]       : Initializing Spring DispatcherServlet 'dispatcherServlet'
2023-09-17 19:51:50.967  INFO 83376 --- [http-nio-8080-exec-1] o.s.web.servlet.DispatcherServlet        : Initializing Servlet 'dispatcherServlet'
2023-09-17 19:51:50.974  INFO 83376 --- [http-nio-8080-exec-1] o.s.web.servlet.DispatcherServlet        : Completed initialization in 6 ms
2023-09-17 19:52:18.788  INFO 83376 --- [SpringApplicationShutdownHook] j.LocalContainerEntityManagerFactoryBean : Closing JPA EntityManagerFactory for persistence unit 'default'
2023-09-17 19:52:18.800  INFO 83376 --- [SpringApplicationShutdownHook] com.zaxxer.hikari.HikariDataSource       : HikariPool-1 - Shutdown initiated...
2023-09-17 19:52:18.824  INFO 83376 --- [SpringApplicationShutdownHook] com.zaxxer.hikari.HikariDataSource       : HikariPool-1 - Shutdown completed.
2023-09-17 19:54:07.433  INFO 83486 --- [main] searchengine.Application                 : Starting Application using Java 19.0.1 on MacBook-Pro.local with PID 83486 (/Users/user/IdeaProjects/diplom/searchengine/target/classes started by user in /Users/user/IdeaProjects/diplom/searchengine)
2023-09-17 19:54:07.445  INFO 83486 --- [main] searchengine.Application                 : No active profile set, falling back to 1 default profile: "default"
2023-09-17 19:54:09.100  INFO 83486 --- [main] .s.d.r.c.RepositoryConfigurationDelegate : Bootstrapping Spring Data JPA repositories in DEFAULT mode.
2023-09-17 19:54:09.297  INFO 83486 --- [main] .s.d.r.c.RepositoryConfigurationDelegate : Finished Spring Data repository scanning in 186 ms. Found 4 JPA repository interfaces.
2023-09-17 19:54:10.966  INFO 83486 --- [main] o.s.b.w.embedded.tomcat.TomcatWebServer  : Tomcat initialized with port(s): 8080 (http)
2023-09-17 19:54:10.979  INFO 83486 --- [main] o.apache.catalina.core.StandardService   : Starting service [Tomcat]
2023-09-17 19:54:10.979  INFO 83486 --- [main] org.apache.catalina.core.StandardEngine  : Starting Servlet engine: [Apache Tomcat/9.0.64]
2023-09-17 19:54:11.192  INFO 83486 --- [main] o.a.c.c.C.[Tomcat].[localhost].[/]       : Initializing Spring embedded WebApplicationContext
2023-09-17 19:54:11.193  INFO 83486 --- [main] w.s.c.ServletWebServerApplicationContext : Root WebApplicationContext: initialization completed in 3540 ms
2023-09-17 19:54:11.548  INFO 83486 --- [main] o.hibernate.jpa.internal.util.LogHelper  : HHH000204: Processing PersistenceUnitInfo [name: default]
2023-09-17 19:54:11.591  INFO 83486 --- [main] org.hibernate.Version                    : HHH000412: Hibernate ORM core version 5.6.9.Final
2023-09-17 19:54:11.780  INFO 83486 --- [main] o.hibernate.annotations.common.Version   : HCANN000001: Hibernate Commons Annotations {5.1.2.Final}
2023-09-17 19:54:11.868  INFO 83486 --- [main] com.zaxxer.hikari.HikariDataSource       : HikariPool-1 - Starting...
2023-09-17 19:54:12.126  INFO 83486 --- [main] com.zaxxer.hikari.HikariDataSource       : HikariPool-1 - Start completed.
2023-09-17 19:54:12.147  INFO 83486 --- [main] org.hibernate.dialect.Dialect            : HHH000400: Using dialect: org.hibernate.dialect.MySQL8Dialect
2023-09-17 19:54:13.132  INFO 83486 --- [main] o.h.e.t.j.p.i.JtaPlatformInitiator       : HHH000490: Using JtaPlatform implementation: [org.hibernate.engine.transaction.jta.platform.internal.NoJtaPlatform]
2023-09-17 19:54:13.147  INFO 83486 --- [main] j.LocalContainerEntityManagerFactoryBean : Initialized JPA EntityManagerFactory for persistence unit 'default'
2023-09-17 19:54:14.082  WARN 83486 --- [main] JpaBaseConfiguration$JpaWebConfiguration : spring.jpa.open-in-view is enabled by default. Therefore, database queries may be performed during view rendering. Explicitly configure spring.jpa.open-in-view to disable this warning
2023-09-17 19:54:14.339  INFO 83486 --- [main] o.s.b.a.w.s.WelcomePageHandlerMapping    : Adding welcome page template: index
2023-09-17 19:54:15.186  INFO 83486 --- [main] o.s.b.w.embedded.tomcat.TomcatWebServer  : Tomcat started on port(s): 8080 (http) with context path ''
2023-09-17 19:54:15.280  INFO 83486 --- [main] searchengine.Application                 : Started Application in 8.758 seconds (JVM running for 9.6)
2023-09-17 19:54:15.290  INFO 83486 --- [main] searchengine.Application                 : Application started successfully.
2023-09-17 19:54:26.637  INFO 83486 --- [http-nio-8080-exec-1] o.a.c.c.C.[Tomcat].[localhost].[/]       : Initializing Spring DispatcherServlet 'dispatcherServlet'
2023-09-17 19:54:26.639  INFO 83486 --- [http-nio-8080-exec-1] o.s.web.servlet.DispatcherServlet        : Initializing Servlet 'dispatcherServlet'
2023-09-17 19:54:26.660  INFO 83486 --- [http-nio-8080-exec-1] o.s.web.servlet.DispatcherServlet        : Completed initialization in 21 ms
2023-09-17 19:55:17.453 ERROR 83486 --- [ForkJoinPool-4-worker-1] s.siteIndexing.SiteMapRecursiveAction    : An error occurred:

java.net.SocketTimeoutException: Read timed out
	at java.base/sun.nio.ch.NioSocketImpl.timedRead(NioSocketImpl.java:273) ~[na:na]
	at java.base/sun.nio.ch.NioSocketImpl.implRead(NioSocketImpl.java:299) ~[na:na]
	at java.base/sun.nio.ch.NioSocketImpl.read(NioSocketImpl.java:340) ~[na:na]
	at java.base/sun.nio.ch.NioSocketImpl$1.read(NioSocketImpl.java:789) ~[na:na]
	at java.base/java.net.Socket$SocketInputStream.read(Socket.java:1025) ~[na:na]
	at java.base/java.io.BufferedInputStream.fill(BufferedInputStream.java:255) ~[na:na]
	at java.base/java.io.BufferedInputStream.read1(BufferedInputStream.java:310) ~[na:na]
	at java.base/java.io.BufferedInputStream.implRead(BufferedInputStream.java:382) ~[na:na]
	at java.base/java.io.BufferedInputStream.read(BufferedInputStream.java:361) ~[na:na]
	at java.base/sun.net.www.http.HttpClient.parseHTTPHeader(HttpClient.java:827) ~[na:na]
	at java.base/sun.net.www.http.HttpClient.parseHTTP(HttpClient.java:759) ~[na:na]
	at java.base/sun.net.www.protocol.http.HttpURLConnection.getInputStream0(HttpURLConnection.java:1684) ~[na:na]
	at java.base/sun.net.www.protocol.http.HttpURLConnection.getInputStream(HttpURLConnection.java:1585) ~[na:na]
	at java.base/java.net.HttpURLConnection.getResponseCode(HttpURLConnection.java:529) ~[na:na]
	at org.jsoup.helper.HttpConnection$Response.execute(HttpConnection.java:866) ~[jsoup-1.15.4.jar:1.15.4]
	at org.jsoup.helper.HttpConnection$Response.execute(HttpConnection.java:828) ~[jsoup-1.15.4.jar:1.15.4]
	at org.jsoup.helper.HttpConnection.execute(HttpConnection.java:365) ~[jsoup-1.15.4.jar:1.15.4]
	at searchengine.siteIndexing.SiteMapRecursiveAction.runOneSiteIndexing(SiteMapRecursiveAction.java:131) ~[classes/:na]
	at searchengine.siteIndexing.SiteMapRecursiveAction.compute(SiteMapRecursiveAction.java:78) ~[classes/:na]
	at java.base/java.util.concurrent.RecursiveAction.exec(RecursiveAction.java:194) ~[na:na]
	at java.base/java.util.concurrent.ForkJoinTask.doExec(ForkJoinTask.java:387) ~[na:na]
	at java.base/java.util.concurrent.ForkJoinPool$WorkQueue.topLevelExec(ForkJoinPool.java:1311) ~[na:na]
	at java.base/java.util.concurrent.ForkJoinPool.scan(ForkJoinPool.java:1840) ~[na:na]
	at java.base/java.util.concurrent.ForkJoinPool.runWorker(ForkJoinPool.java:1806) ~[na:na]
	at java.base/java.util.concurrent.ForkJoinWorkerThread.run(ForkJoinWorkerThread.java:177) ~[na:na]

2023-09-17 19:57:59.677  INFO 83486 --- [SpringApplicationShutdownHook] j.LocalContainerEntityManagerFactoryBean : Closing JPA EntityManagerFactory for persistence unit 'default'
2023-09-17 19:57:59.702  INFO 83486 --- [SpringApplicationShutdownHook] com.zaxxer.hikari.HikariDataSource       : HikariPool-1 - Shutdown initiated...
2023-09-17 19:57:59.732  INFO 83486 --- [SpringApplicationShutdownHook] com.zaxxer.hikari.HikariDataSource       : HikariPool-1 - Shutdown completed.
2023-09-17 20:04:11.217  INFO 83978 --- [main] searchengine.Application                 : Starting Application using Java 19.0.1 on MacBook-Pro.local with PID 83978 (/Users/user/IdeaProjects/diplom/searchengine/target/classes started by user in /Users/user/IdeaProjects/diplom/searchengine)
2023-09-17 20:04:11.220  INFO 83978 --- [main] searchengine.Application                 : No active profile set, falling back to 1 default profile: "default"
2023-09-17 20:04:12.771  INFO 83978 --- [main] .s.d.r.c.RepositoryConfigurationDelegate : Bootstrapping Spring Data JPA repositories in DEFAULT mode.
2023-09-17 20:04:12.897  INFO 83978 --- [main] .s.d.r.c.RepositoryConfigurationDelegate : Finished Spring Data repository scanning in 115 ms. Found 4 JPA repository interfaces.
2023-09-17 20:04:14.369  INFO 83978 --- [main] o.s.b.w.embedded.tomcat.TomcatWebServer  : Tomcat initialized with port(s): 8080 (http)
2023-09-17 20:04:14.382  INFO 83978 --- [main] o.apache.catalina.core.StandardService   : Starting service [Tomcat]
2023-09-17 20:04:14.382  INFO 83978 --- [main] org.apache.catalina.core.StandardEngine  : Starting Servlet engine: [Apache Tomcat/9.0.64]
2023-09-17 20:04:14.585  INFO 83978 --- [main] o.a.c.c.C.[Tomcat].[localhost].[/]       : Initializing Spring embedded WebApplicationContext
2023-09-17 20:04:14.586  INFO 83978 --- [main] w.s.c.ServletWebServerApplicationContext : Root WebApplicationContext: initialization completed in 3206 ms
2023-09-17 20:04:15.016  INFO 83978 --- [main] o.hibernate.jpa.internal.util.LogHelper  : HHH000204: Processing PersistenceUnitInfo [name: default]
2023-09-17 20:04:15.057  INFO 83978 --- [main] org.hibernate.Version                    : HHH000412: Hibernate ORM core version 5.6.9.Final
2023-09-17 20:04:15.216  INFO 83978 --- [main] o.hibernate.annotations.common.Version   : HCANN000001: Hibernate Commons Annotations {5.1.2.Final}
2023-09-17 20:04:15.324  INFO 83978 --- [main] com.zaxxer.hikari.HikariDataSource       : HikariPool-1 - Starting...
2023-09-17 20:04:15.609  INFO 83978 --- [main] com.zaxxer.hikari.HikariDataSource       : HikariPool-1 - Start completed.
2023-09-17 20:04:15.628  INFO 83978 --- [main] org.hibernate.dialect.Dialect            : HHH000400: Using dialect: org.hibernate.dialect.MySQL8Dialect
2023-09-17 20:04:16.729  INFO 83978 --- [main] o.h.e.t.j.p.i.JtaPlatformInitiator       : HHH000490: Using JtaPlatform implementation: [org.hibernate.engine.transaction.jta.platform.internal.NoJtaPlatform]
2023-09-17 20:04:16.739  INFO 83978 --- [main] j.LocalContainerEntityManagerFactoryBean : Initialized JPA EntityManagerFactory for persistence unit 'default'
2023-09-17 20:04:17.668  WARN 83978 --- [main] JpaBaseConfiguration$JpaWebConfiguration : spring.jpa.open-in-view is enabled by default. Therefore, database queries may be performed during view rendering. Explicitly configure spring.jpa.open-in-view to disable this warning
2023-09-17 20:04:18.017  INFO 83978 --- [main] o.s.b.a.w.s.WelcomePageHandlerMapping    : Adding welcome page template: index
2023-09-17 20:04:18.768  INFO 83978 --- [main] o.s.b.w.embedded.tomcat.TomcatWebServer  : Tomcat started on port(s): 8080 (http) with context path ''
2023-09-17 20:04:18.789  INFO 83978 --- [main] searchengine.Application                 : Started Application in 8.527 seconds (JVM running for 9.432)
2023-09-17 20:04:18.795  INFO 83978 --- [main] searchengine.Application                 : Application started successfully.
2023-09-17 20:04:29.067  INFO 83978 --- [http-nio-8080-exec-1] o.a.c.c.C.[Tomcat].[localhost].[/]       : Initializing Spring DispatcherServlet 'dispatcherServlet'
2023-09-17 20:04:29.068  INFO 83978 --- [http-nio-8080-exec-1] o.s.web.servlet.DispatcherServlet        : Initializing Servlet 'dispatcherServlet'
2023-09-17 20:04:29.078  INFO 83978 --- [http-nio-8080-exec-1] o.s.web.servlet.DispatcherServlet        : Completed initialization in 10 ms
2023-09-17 20:07:32.351  INFO 83978 --- [SpringApplicationShutdownHook] j.LocalContainerEntityManagerFactoryBean : Closing JPA EntityManagerFactory for persistence unit 'default'
2023-09-17 20:07:32.364  INFO 83978 --- [SpringApplicationShutdownHook] com.zaxxer.hikari.HikariDataSource       : HikariPool-1 - Shutdown initiated...
2023-09-17 20:07:32.387  INFO 83978 --- [SpringApplicationShutdownHook] com.zaxxer.hikari.HikariDataSource       : HikariPool-1 - Shutdown completed.
2023-09-17 20:07:39.625  INFO 84173 --- [main] searchengine.Application                 : Starting Application using Java 19.0.1 on MacBook-Pro.local with PID 84173 (/Users/user/IdeaProjects/diplom/searchengine/target/classes started by user in /Users/user/IdeaProjects/diplom/searchengine)
2023-09-17 20:07:39.629  INFO 84173 --- [main] searchengine.Application                 : No active profile set, falling back to 1 default profile: "default"
2023-09-17 20:07:41.237  INFO 84173 --- [main] .s.d.r.c.RepositoryConfigurationDelegate : Bootstrapping Spring Data JPA repositories in DEFAULT mode.
2023-09-17 20:07:41.370  INFO 84173 --- [main] .s.d.r.c.RepositoryConfigurationDelegate : Finished Spring Data repository scanning in 123 ms. Found 4 JPA repository interfaces.
2023-09-17 20:07:42.825  INFO 84173 --- [main] o.s.b.w.embedded.tomcat.TomcatWebServer  : Tomcat initialized with port(s): 8080 (http)
2023-09-17 20:07:42.838  INFO 84173 --- [main] o.apache.catalina.core.StandardService   : Starting service [Tomcat]
2023-09-17 20:07:42.838  INFO 84173 --- [main] org.apache.catalina.core.StandardEngine  : Starting Servlet engine: [Apache Tomcat/9.0.64]
2023-09-17 20:07:43.025  INFO 84173 --- [main] o.a.c.c.C.[Tomcat].[localhost].[/]       : Initializing Spring embedded WebApplicationContext
2023-09-17 20:07:43.026  INFO 84173 --- [main] w.s.c.ServletWebServerApplicationContext : Root WebApplicationContext: initialization completed in 3199 ms
2023-09-17 20:07:43.437  INFO 84173 --- [main] o.hibernate.jpa.internal.util.LogHelper  : HHH000204: Processing PersistenceUnitInfo [name: default]
2023-09-17 20:07:43.476  INFO 84173 --- [main] org.hibernate.Version                    : HHH000412: Hibernate ORM core version 5.6.9.Final
2023-09-17 20:07:43.638  INFO 84173 --- [main] o.hibernate.annotations.common.Version   : HCANN000001: Hibernate Commons Annotations {5.1.2.Final}
2023-09-17 20:07:43.732  INFO 84173 --- [main] com.zaxxer.hikari.HikariDataSource       : HikariPool-1 - Starting...
2023-09-17 20:07:44.016  INFO 84173 --- [main] com.zaxxer.hikari.HikariDataSource       : HikariPool-1 - Start completed.
2023-09-17 20:07:44.036  INFO 84173 --- [main] org.hibernate.dialect.Dialect            : HHH000400: Using dialect: org.hibernate.dialect.MySQL8Dialect
2023-09-17 20:07:45.057  INFO 84173 --- [main] o.h.e.t.j.p.i.JtaPlatformInitiator       : HHH000490: Using JtaPlatform implementation: [org.hibernate.engine.transaction.jta.platform.internal.NoJtaPlatform]
2023-09-17 20:07:45.064  INFO 84173 --- [main] j.LocalContainerEntityManagerFactoryBean : Initialized JPA EntityManagerFactory for persistence unit 'default'
2023-09-17 20:07:46.078  WARN 84173 --- [main] JpaBaseConfiguration$JpaWebConfiguration : spring.jpa.open-in-view is enabled by default. Therefore, database queries may be performed during view rendering. Explicitly configure spring.jpa.open-in-view to disable this warning
2023-09-17 20:07:46.528  INFO 84173 --- [main] o.s.b.a.w.s.WelcomePageHandlerMapping    : Adding welcome page template: index
2023-09-17 20:07:47.090  INFO 84173 --- [main] o.s.b.w.embedded.tomcat.TomcatWebServer  : Tomcat started on port(s): 8080 (http) with context path ''
2023-09-17 20:07:47.113  INFO 84173 --- [main] searchengine.Application                 : Started Application in 8.449 seconds (JVM running for 9.37)
2023-09-17 20:07:47.120  INFO 84173 --- [main] searchengine.Application                 : Application started successfully.
2023-09-17 20:07:53.369  INFO 84173 --- [http-nio-8080-exec-1] o.a.c.c.C.[Tomcat].[localhost].[/]       : Initializing Spring DispatcherServlet 'dispatcherServlet'
2023-09-17 20:07:53.370  INFO 84173 --- [http-nio-8080-exec-1] o.s.web.servlet.DispatcherServlet        : Initializing Servlet 'dispatcherServlet'
2023-09-17 20:07:53.376  INFO 84173 --- [http-nio-8080-exec-1] o.s.web.servlet.DispatcherServlet        : Completed initialization in 6 ms
2023-09-17 20:08:24.066  INFO 84173 --- [SpringApplicationShutdownHook] j.LocalContainerEntityManagerFactoryBean : Closing JPA EntityManagerFactory for persistence unit 'default'
2023-09-17 20:08:24.077  INFO 84173 --- [SpringApplicationShutdownHook] com.zaxxer.hikari.HikariDataSource       : HikariPool-1 - Shutdown initiated...
2023-09-17 20:08:24.093  INFO 84173 --- [SpringApplicationShutdownHook] com.zaxxer.hikari.HikariDataSource       : HikariPool-1 - Shutdown completed.
